1733821058945	geckodriver	INFO	Listening on 127.0.0.1:60675
1733821062004	mozrunner::runner	INFO	Running command: "C:\\Program Files\\Mozilla Firefox\\firefox.exe" "--marionette" "-headless" "--remote-debugging-port" "60676" "--remote-allow-hosts" "localhost" "-no-remote" "-profile" "C:\\Users\\lassi\\AppData\\Local\\Temp\\rust_mozprofile39IyVS"
*** You are running in headless mode.
console.warn: services.settings: Ignoring preference override of remote settings server
console.warn: services.settings: Allow by setting MOZ_REMOTE_SETTINGS_DEVTOOLS=1 in the environment
Dynamically enable window occlusion 0
1733821062576	Marionette	INFO	Marionette enabled
1733821062722	Marionette	INFO	Listening on port 60687
WebDriver BiDi listening on ws://127.0.0.1:60676
Read port: 60687
1733821062991	RemoteAgent	WARN	TLS certificate errors will be ignored for this session
[GFX1-]: RenderCompositorSWGL failed mapping default framebuffer, no dt
console.error: ({})
DevTools listening on ws://127.0.0.1:60676/devtools/browser/ccbef26c-59ec-4a96-96cd-244c9375165a
console.error: ({})
console.warn: LoginRecipes: "Falling back to a synchronous message for: http://localhost."
JavaScript error: http://localhost/static/js/2.f7f9ba50.chunk.js, line 2: Error: Request failed with status code 401
JavaScript error: , line 0: NS_ERROR_NOT_AVAILABLE
console.error: "buildList failed: " ({})
console.error: "buildList failed: " ({})
console.error: "buildList failed: " ({})
JavaScript error: , line 0: NS_ERROR_NOT_AVAILABLE
JavaScript error: , line 0: NS_ERROR_NOT_AVAILABLE
