1733820851703	geckodriver	INFO	Listening on 127.0.0.1:60571
1733820854904	mozrunner::runner	INFO	Running command: "C:\\Program Files\\Mozilla Firefox\\firefox.exe" "--marionette" "-headless" "--remote-debugging-port" "60572" "--remote-allow-hosts" "localhost" "-no-remote" "-profile" "C:\\Users\\lassi\\AppData\\Local\\Temp\\rust_mozprofilevdq6Zm"
*** You are running in headless mode.
console.warn: services.settings: Ignoring preference override of remote settings server
console.warn: services.settings: Allow by setting MOZ_REMOTE_SETTINGS_DEVTOOLS=1 in the environment
Dynamically enable window occlusion 0
1733820855408	Marionette	INFO	Marionette enabled
1733820855514	Marionette	INFO	Listening on port 60580
WebDriver BiDi listening on ws://127.0.0.1:60572
Read port: 60580
1733820855674	RemoteAgent	WARN	TLS certificate errors will be ignored for this session
[GFX1-]: RenderCompositorSWGL failed mapping default framebuffer, no dt
console.error: ({})
DevTools listening on ws://127.0.0.1:60572/devtools/browser/a6e2b29b-a362-4990-927e-4a2bd121b839
console.error: ({})
console.warn: LoginRecipes: "Falling back to a synchronous message for: http://localhost."
JavaScript error: http://localhost/static/js/2.f7f9ba50.chunk.js, line 2: Error: Request failed with status code 422
JavaScript error: , line 0: NS_ERROR_NOT_AVAILABLE
console.error: "buildList failed: " ({})
JavaScript error: , line 0: NS_ERROR_NOT_AVAILABLE
JavaScript error: , line 0: NS_ERROR_NOT_AVAILABLE
JavaScript error: , line 0: NS_ERROR_NOT_AVAILABLE
