1733820841988	geckodriver	INFO	Listening on 127.0.0.1:60543
1733820845177	mozrunner::runner	INFO	Running command: "C:\\Program Files\\Mozilla Firefox\\firefox.exe" "--marionette" "-headless" "--remote-debugging-port" "60544" "--remote-allow-hosts" "localhost" "-no-remote" "-profile" "C:\\Users\\lassi\\AppData\\Local\\Temp\\rust_mozprofileZoVfHx"
*** You are running in headless mode.
console.warn: services.settings: Ignoring preference override of remote settings server
console.warn: services.settings: Allow by setting MOZ_REMOTE_SETTINGS_DEVTOOLS=1 in the environment
Dynamically enable window occlusion 0
1733820845921	Marionette	INFO	Marionette enabled
1733820846127	Marionette	INFO	Listening on port 60554
WebDriver BiDi listening on ws://127.0.0.1:60544
Read port: 60554
1733820846395	RemoteAgent	WARN	TLS certificate errors will be ignored for this session
[GFX1-]: RenderCompositorSWGL failed mapping default framebuffer, no dt
console.error: ({})
DevTools listening on ws://127.0.0.1:60544/devtools/browser/dab30d01-b3e1-4a12-a6ae-f16f24a5ffcd
console.error: ({})
console.warn: LoginRecipes: "Falling back to a synchronous message for: http://localhost."
JavaScript error: , line 0: NS_ERROR_NOT_AVAILABLE
JavaScript error: , line 0: NS_ERROR_NOT_AVAILABLE
JavaScript error: , line 0: NS_ERROR_NOT_AVAILABLE
JavaScript error: , line 0: NS_ERROR_NOT_AVAILABLE
Exiting due to channel error.
Exiting due to channel error.
