1733821049463	geckodriver	INFO	Listening on 127.0.0.1:60649
1733821052724	mozrunner::runner	INFO	Running command: "C:\\Program Files\\Mozilla Firefox\\firefox.exe" "--marionette" "-headless" "--remote-debugging-port" "60650" "--remote-allow-hosts" "localhost" "-no-remote" "-profile" "C:\\Users\\lassi\\AppData\\Local\\Temp\\rust_mozprofileEIJkfo"
*** You are running in headless mode.
console.warn: services.settings: Ignoring preference override of remote settings server
console.warn: services.settings: Allow by setting MOZ_REMOTE_SETTINGS_DEVTOOLS=1 in the environment
Dynamically enable window occlusion 0
1733821053366	Marionette	INFO	Marionette enabled
1733821053608	Marionette	INFO	Listening on port 60658
WebDriver BiDi listening on ws://127.0.0.1:60650
Read port: 60658
1733821053800	RemoteAgent	WARN	TLS certificate errors will be ignored for this session
[GFX1-]: RenderCompositorSWGL failed mapping default framebuffer, no dt
console.error: ({})
DevTools listening on ws://127.0.0.1:60650/devtools/browser/bffbeaeb-cfe0-4230-a620-3b93a8ee3bf9
console.error: ({})
console.warn: LoginRecipes: "Falling back to a synchronous message for: http://localhost."
JavaScript error: http://localhost/static/js/2.f7f9ba50.chunk.js, line 2: Error: Request failed with status code 422
JavaScript error: , line 0: NS_ERROR_NOT_AVAILABLE
console.error: "buildList failed: " ({})
console.error: "buildList failed: " ({})
console.error: "buildList failed: " ({})
console.error: "buildList failed: " ({})
console.error: "buildList failed: " ({})
JavaScript error: , line 0: NS_ERROR_NOT_AVAILABLE
JavaScript error: , line 0: NS_ERROR_NOT_AVAILABLE
